c:\users\batuhan\desktop\projects\image_processıng_guı\ımage-processıng-guı\ımage_processıng_guı\debug\vc142.pdb
c:\users\batuhan\desktop\projects\image_processıng_guı\ımage-processıng-guı\ımage_processıng_guı\debug\.netframework,versıon=v4.7.2.assemblyattrıbutes.obj
c:\users\batuhan\desktop\projects\image_processıng_guı\ımage-processıng-guı\ımage_processıng_guı\debug\smoothıngform.obj
c:\users\batuhan\desktop\projects\image_processıng_guı\ımage-processıng-guı\ımage_processıng_guı\debug\readbmp.obj
c:\users\batuhan\desktop\projects\image_processıng_guı\ımage-processıng-guı\ımage_processıng_guı\debug\ıp_tools.obj
c:\users\batuhan\desktop\projects\image_processıng_guı\ımage-processıng-guı\ımage_processıng_guı\debug\ıp_form.obj
c:\users\batuhan\desktop\projects\image_processıng_guı\ımage-processıng-guı\ımage_processıng_guı\debug\drawshape.obj
c:\users\batuhan\desktop\projects\image_processing_guı\ımage_processing_guı\ımage_processing_guı\debug\ımageprocessingguı.ıp_form.resources
c:\users\batuhan\desktop\projects\image_processing_guı\ımage_processing_guı\ımage_processing_guı\debug\ımageprocessingguı.smoothingform.resources
c:\users\batuhan\desktop\projects\image_processing_guı\ımage-processing-guı\ımage_processing_guı\debug\ımageprocessingguı.ıp_form.resources
c:\users\batuhan\desktop\projects\image_processing_guı\ımage-processing-guı\ımage_processing_guı\debug\ımageprocessingguı.smoothingform.resources
c:\users\batuhan\desktop\projects\image_processıng_guı\ımage_processıng_guı\debug\ımage_processıng_guı.exe
c:\users\batuhan\desktop\projects\image_processıng_guı\ımage_processıng_guı\debug\ımage_processıng_guı.pdb
c:\users\batuhan\desktop\projects\image_processıng_guı\ımage-processıng-guı\debug\ımage_processıng_guı.exe
c:\users\batuhan\desktop\projects\image_processıng_guı\ımage-processıng-guı\debug\ımage_processıng_guı.pdb
c:\users\batuhan\desktop\projects\image_processıng_guı\ımage_processıng_guı\ımage_processıng_guı\debug\ımage_pr.200f3f2d.tlog\metagen.wrıte.1.tlog
c:\users\batuhan\desktop\projects\image_processıng_guı\ımage-processıng-guı\ımage_processıng_guı\debug\ımage_pr.200f3f2d.tlog\metagen.wrıte.1.tlog
c:\users\batuhan\desktop\projects\image_processing_guı\ımage-processing-guı\ımage_processing_guı\debug\ımage_processing_guı.vcxprojassemblyreference.cache
c:\users\batuhan\desktop\projects\image_processing_guı\ımage-processing-guı\ımage_processing_guı\debug\.netframework,version=v4.7.2.assemblyattributes.obj
c:\users\batuhan\desktop\projects\image_processing_guı\ımage-processing-guı\ımage_processing_guı\debug\drawshape.obj
c:\users\batuhan\desktop\projects\image_processing_guı\ımage-processing-guı\ımage_processing_guı\debug\ıp_tools.obj
c:\users\batuhan\desktop\projects\image_processing_guı\ımage-processing-guı\ımage_processing_guı\debug\readbmp.obj
c:\users\batuhan\desktop\projects\image_processing_guı\ımage-processing-guı\ımage_processing_guı\debug\vc142.pdb
c:\users\batuhan\desktop\projects\image_processing_guı\ımage-processing-guı\debug\ımage_processing_guı.pdb
c:\users\batuhan\desktop\projects\image_processing_guı\ımage-processing-guı\debug\ımage_processing_guı.exe
c:\users\batuhan\desktop\projects\image_processing_guı\ımage-processing-guı\ımage_processing_guı\debug\ımage_pr.200f3f2d.tlog\cl.command.1.tlog
c:\users\batuhan\desktop\projects\image_processing_guı\ımage-processing-guı\ımage_processing_guı\debug\ımage_pr.200f3f2d.tlog\cl.read.1.tlog
c:\users\batuhan\desktop\projects\image_processing_guı\ımage-processing-guı\ımage_processing_guı\debug\ımage_pr.200f3f2d.tlog\cl.write.1.tlog
c:\users\batuhan\desktop\projects\image_processing_guı\ımage-processing-guı\ımage_processing_guı\debug\ımage_pr.200f3f2d.tlog\ımage_processing_guı.write.1u.tlog
c:\users\batuhan\desktop\projects\image_processing_guı\ımage-processing-guı\ımage_processing_guı\debug\ımage_pr.200f3f2d.tlog\link.command.1.tlog
c:\users\batuhan\desktop\projects\image_processing_guı\ımage-processing-guı\ımage_processing_guı\debug\ımage_pr.200f3f2d.tlog\link.read.1.tlog
c:\users\batuhan\desktop\projects\image_processing_guı\ımage-processing-guı\ımage_processing_guı\debug\ımage_pr.200f3f2d.tlog\link.write.1.tlog
c:\users\batuhan\desktop\projects\image_processing_guı\ımage-processing-guı\ımage_processing_guı\debug\ımage_pr.200f3f2d.tlog\metagen.read.1.tlog
c:\users\batuhan\desktop\projects\image_processing_guı\ımage-processing-guı\ımage_processing_guı\debug\ımage_pr.200f3f2d.tlog\metagen.write.1.tlog
c:\users\batuhan\desktop\projects\image_processing_guı\ımage-processing-guı\ımage_processing_guı\debug\ımage_pr.200f3f2d.tlog\mıcrosoft.vısualbasıc.dll.metagen
c:\users\batuhan\desktop\projects\image_processing_guı\ımage-processing-guı\ımage_processing_guı\debug\ımage_pr.200f3f2d.tlog\system.data.dll.metagen
c:\users\batuhan\desktop\projects\image_processing_guı\ımage-processing-guı\ımage_processing_guı\debug\ımage_pr.200f3f2d.tlog\system.dll.metagen
c:\users\batuhan\desktop\projects\image_processing_guı\ımage-processing-guı\ımage_processing_guı\debug\ımage_pr.200f3f2d.tlog\system.drawıng.dll.metagen
c:\users\batuhan\desktop\projects\image_processing_guı\ımage-processing-guı\ımage_processing_guı\debug\ımage_pr.200f3f2d.tlog\system.wındows.forms.datavısualızatıon.dll.metagen
c:\users\batuhan\desktop\projects\image_processing_guı\ımage-processing-guı\ımage_processing_guı\debug\ımage_pr.200f3f2d.tlog\system.wındows.forms.dll.metagen
c:\users\batuhan\desktop\projects\image_processing_guı\ımage-processing-guı\ımage_processing_guı\debug\ımage_pr.200f3f2d.tlog\system.xml.dll.metagen
c:\users\batuhan\desktop\projects\image_processing_guı\ımage-processing-guı\ımage_processing_guı\debug\ımage_pr.200f3f2d.tlog\clr.dll.bi
c:\users\batuhan\desktop\projects\image_processing_guı\ımage-processing-guı\ımage_processing_guı\debug\ımage_pr.200f3f2d.tlog\cluı.dll.bi
c:\users\batuhan\desktop\projects\image_processing_guı\ımage-processing-guı\ımage_processing_guı\debug\ımage_pr.200f3f2d.tlog\mscorwks.dll.bi
c:\users\batuhan\desktop\projects\image_processing_guı\ımage-processing-guı\ımage_processing_guı\debug\ımage_pr.200f3f2d.tlog\tzres.dll.bi
